<?xml version="1.0" encoding="UTF-8"?>
<!-- Generated by org.testng.reporters.JUnitReportReporter -->
<testsuite hostname="DESKTOP-3UE5SPF" failures="0" tests="1" name="Demotest.Blazedemotest_register" time="10.257" errors="0" timestamp="2024-03-10T13:08:41 GMT-09:00" skipped="0">
  <testcase classname="Demotest.Blazedemotest_register" name="test" time="10.257"/>
  <system-out/>
</testsuite> <!-- Demotest.Blazedemotest_register -->
