<?xml version="1.0" encoding="UTF-8"?>
<!-- Generated by org.testng.reporters.JUnitReportReporter -->
<testsuite hostname="DESKTOP-3UE5SPF" failures="0" tests="1" name="TestNG.Amazon_windowhandling" time="27.834" errors="0" timestamp="2024-02-28T20:33:38 GMT-09:00" skipped="0">
  <testcase classname="TestNG.Amazon_windowhandling" name="test1" time="27.834"/>
  <system-out/>
</testsuite> <!-- TestNG.Amazon_windowhandling -->
