<?xml version="1.0" encoding="UTF-8"?>
<!-- Generated by org.testng.reporters.JUnitReportReporter -->
<testsuite hostname="DESKTOP-3UE5SPF" failures="0" tests="3" name="TestNG.TestNG" time="0.031" errors="0" timestamp="2024-02-19T14:13:15 GMT-09:00" skipped="0">
  <testcase classname="TestNG.TestNG" name="test1" time="0.018"/>
  <system-out/>
  <testcase classname="TestNG.TestNG" name="test2" time="0.008"/>
  <system-out/>
  <testcase classname="TestNG.TestNG" name="test3" time="0.005"/>
  <system-out/>
</testsuite> <!-- TestNG.TestNG -->
