<?xml version="1.0" encoding="UTF-8"?>
<!-- Generated by org.testng.reporters.JUnitReportReporter -->
<testsuite hostname="DESKTOP-3UE5SPF" failures="0" tests="1" name="Test.Fblogintest" time="7.527" errors="0" timestamp="2024-03-10T12:24:38 GMT-09:00" skipped="0">
  <testcase classname="Test.Fblogintest" name="test" time="7.527"/>
  <system-out/>
</testsuite> <!-- Test.Fblogintest -->
