<?xml version="1.0" encoding="UTF-8"?>
<!-- Generated by org.testng.reporters.JUnitReportReporter -->
<testsuite hostname="DESKTOP-3UE5SPF" failures="0" tests="1" name="Demotest.Blazedemotest" time="4.978" errors="0" timestamp="2024-03-10T12:49:35 GMT-09:00" skipped="0">
  <testcase classname="Demotest.Blazedemotest" name="test" time="4.978"/>
  <system-out/>
</testsuite> <!-- Demotest.Blazedemotest -->
