<?xml version="1.0" encoding="UTF-8"?>
<!-- Generated by org.testng.reporters.JUnitReportReporter -->
<testsuite hostname="DESKTOP-3UE5SPF" failures="0" tests="1" name="TestNG.Windowhandling" time="21.443" errors="0" timestamp="2024-02-28T19:24:25 GMT-09:00" skipped="0">
  <testcase classname="TestNG.Windowhandling" name="test1" time="21.443"/>
  <system-out/>
</testsuite> <!-- TestNG.Windowhandling -->
