<?xml version="1.0" encoding="UTF-8"?>
<!-- Generated by org.testng.reporters.JUnitReportReporter -->
<testsuite hostname="DESKTOP-3UE5SPF" failures="0" tests="1" name="Test.Fbloginpagetest" time="9.594" errors="0" timestamp="2024-03-11T19:58:06 GMT-09:00" skipped="0">
  <testcase classname="Test.Fbloginpagetest" name="test" time="9.594"/>
  <system-out/>
</testsuite> <!-- Test.Fbloginpagetest -->
