<?xml version="1.0" encoding="UTF-8"?>
<!-- Generated by org.testng.reporters.JUnitReportReporter -->
<testsuite hostname="DESKTOP-3UE5SPF" failures="0" tests="1" name="TestNG.Parameter" time="0.034" errors="0" timestamp="2024-02-20T11:39:03 GMT-09:00" skipped="0">
  <testcase classname="TestNG.Parameter" name="main" time="0.034"/>
  <system-out/>
</testsuite> <!-- TestNG.Parameter -->
