<?xml version="1.0" encoding="UTF-8"?>
<!-- Generated by org.testng.reporters.JUnitReportReporter -->
<testsuite hostname="DESKTOP-3UE5SPF" failures="0" tests="1" name="TestNG.Data_driven_testing" time="17.189" errors="0" timestamp="2024-02-29T18:51:25 GMT-09:00" skipped="0">
  <testcase classname="TestNG.Data_driven_testing" name="test1" time="17.189"/>
  <system-out/>
</testsuite> <!-- TestNG.Data_driven_testing -->
