<?xml version="1.0" encoding="UTF-8"?>
<!-- Generated by org.testng.reporters.JUnitReportReporter -->
<testsuite hostname="DESKTOP-3UE5SPF" failures="0" tests="1" name="TestNG.Grouping" time="0.030" errors="0" timestamp="2024-02-19T15:26:28 GMT-09:00" skipped="0">
  <testcase classname="TestNG.Grouping" name="main2" time="0.030"/>
  <system-out/>
</testsuite> <!-- TestNG.Grouping -->
