<?xml version="1.0" encoding="UTF-8"?>
<!-- Generated by org.testng.reporters.JUnitReportReporter -->
<testsuite hostname="DESKTOP-3UE5SPF" failures="0" tests="1" name="TestNG.Implicitwait" time="16.228" errors="0" timestamp="2024-02-23T19:49:11 GMT-09:00" skipped="0">
  <testcase classname="TestNG.Implicitwait" name="test1" time="16.228"/>
  <system-out/>
</testsuite> <!-- TestNG.Implicitwait -->
