<?xml version="1.0" encoding="UTF-8"?>
<!-- Generated by org.testng.reporters.JUnitReportReporter -->
<testsuite hostname="DESKTOP-3UE5SPF" failures="0" tests="1" name="TestNG.Drag_drop" time="32.824" errors="0" timestamp="2024-02-22T20:28:03 GMT-09:00" skipped="0">
  <testcase classname="TestNG.Drag_drop" name="test1" time="32.824"/>
  <system-out/>
</testsuite> <!-- TestNG.Drag_drop -->
