<?xml version="1.0" encoding="UTF-8"?>
<!-- Generated by org.testng.reporters.JUnitReportReporter -->
<testsuite hostname="DESKTOP-3UE5SPF" failures="0" tests="1" name="TestNG.Fileupload_robotclass" time="23.755" errors="0" timestamp="2024-02-29T16:39:54 GMT-09:00" skipped="0">
  <testcase classname="TestNG.Fileupload_robotclass" name="test1" time="23.755"/>
  <system-out/>
</testsuite> <!-- TestNG.Fileupload_robotclass -->
