<?xml version="1.0" encoding="UTF-8"?>
<!-- Generated by org.testng.reporters.JUnitReportReporter -->
<testsuite hostname="DESKTOP-3UE5SPF" failures="0" tests="1" name="TestNG.Explicitwait" time="36.659" errors="0" timestamp="2024-02-23T20:17:39 GMT-09:00" skipped="0">
  <testcase classname="TestNG.Explicitwait" name="test" time="36.659"/>
  <system-out/>
</testsuite> <!-- TestNG.Explicitwait -->
