<?xml version="1.0" encoding="UTF-8"?>
<!-- Generated by org.testng.reporters.JUnitReportReporter -->
<testsuite hostname="DESKTOP-3UE5SPF" failures="0" tests="1" name="TestNG.Copy_paste" time="8.858" errors="0" timestamp="2024-02-20T13:43:31 GMT-09:00" skipped="0">
  <testcase classname="TestNG.Copy_paste" name="test1" time="8.858"/>
  <system-out/>
</testsuite> <!-- TestNG.Copy_paste -->
