<?xml version="1.0" encoding="UTF-8"?>
<!-- Generated by org.testng.reporters.JUnitReportReporter -->
<testsuite hostname="DESKTOP-3UE5SPF" failures="0" tests="1" name="TestNG.Fileupload_autoit" time="15.302" errors="0" timestamp="2024-02-29T17:06:31 GMT-09:00" skipped="0">
  <testcase classname="TestNG.Fileupload_autoit" name="test1" time="15.302"/>
  <system-out/>
</testsuite> <!-- TestNG.Fileupload_autoit -->
